0 info it worked if it ends with ok
1 verbose cli [
1 verbose cli   '/Users/freaky/.nvm/versions/node/v24.13.0/bin/node',
1 verbose cli   '/Users/freaky/Documents/projects/cds/node_modules/.bin/npm',
1 verbose cli   'login'
1 verbose cli ]
2 info using npm@2.15.12
3 info using node@v24.13.0
4 verbose adduser before first PUT {
4 verbose adduser   _id: 'org.couchdb.user:hana.eats.planes',
4 verbose adduser   name: 'hana.eats.planes',
4 verbose adduser   password: 'XXXXX',
4 verbose adduser   email: 'sahanaaaa950@gmail.com',
4 verbose adduser   type: 'user',
4 verbose adduser   roles: [],
4 verbose adduser   date: '2026-02-05T04:10:18.533Z'
4 verbose adduser }
5 verbose request uri https://registry.npmjs.org/-/user/org.couchdb.user:hana.eats.planes
6 verbose request new user, so can't send auth
7 info attempt registry request try #1 at 11:10:18 PM
8 verbose request id 8864dfbd647785ac
9 http request PUT https://registry.npmjs.org/-/user/org.couchdb.user:hana.eats.planes
10 http 401 https://registry.npmjs.org/-/user/org.couchdb.user:hana.eats.planes
11 verbose headers {
11 verbose headers   date: 'Thu, 05 Feb 2026 04:10:19 GMT',
11 verbose headers   'content-type': 'application/json',
11 verbose headers   'content-length': '104',
11 verbose headers   connection: 'keep-alive',
11 verbose headers   server: 'cloudflare',
11 verbose headers   'cf-ray': '9c8f8eabab5807c9-IAD',
11 verbose headers   'cf-cache-status': 'DYNAMIC',
11 verbose headers   'www-authenticate': 'OTP',
11 verbose headers   'npm-notice': 'Security Notice: Classic tokens have been revoked. Granular tokens are now limited to 90 days and require 2FA by default. Update your CI/CD workflows to avoid disruption. Learn more https://gh.io/all-npm-classic-tokens-revoked, Open https://www.npmjs.com/login/d9474f39-2905-40b7-8a46-b92f2b24a674 to use your security key for authentication',
11 verbose headers   vary: 'Accept-Encoding',
11 verbose headers   'set-cookie': [
11 verbose headers     '_cfuvid=6Gyq2gdI4HosKYig4s8kMGYPxboUnKecAurwXczz2DA-1770264619000-0.0.1.1-604800000; path=/; domain=.npmjs.org; HttpOnly; Secure; SameSite=None'
11 verbose headers   ]
11 verbose headers }
12 warn notice Security Notice: Classic tokens have been revoked. Granular tokens are now limited to 90 days and require 2FA by default. Update your CI/CD workflows to avoid disruption. Learn more https://gh.io/all-npm-classic-tokens-revoked, Open https://www.npmjs.com/login/d9474f39-2905-40b7-8a46-b92f2b24a674 to use your security key for authentication
13 verbose request invalidating /Users/freaky/.npm/registry.npmjs.org/-/user/org.couchdb.user_3Ahana.eats.planes on PUT
14 verbose adduser back [
14 verbose adduser   Error: failed to authenticate: Could not authenticate hana.eats.planes: bad webauthn otp : -/user/org.couchdb.user:hana.eats.planes
14 verbose adduser       at makeError (/Users/freaky/Documents/projects/cds/node_modules/npm/node_modules/npm-registry-client/lib/request.js:302:12)
14 verbose adduser       at CachingRegistryClient.<anonymous> (/Users/freaky/Documents/projects/cds/node_modules/npm/node_modules/npm-registry-client/lib/request.js:290:14)
14 verbose adduser       at Request._callback (/Users/freaky/Documents/projects/cds/node_modules/npm/node_modules/npm-registry-client/lib/request.js:210:14)
14 verbose adduser       at self.callback (/Users/freaky/Documents/projects/cds/node_modules/npm/node_modules/request/request.js:187:22)
14 verbose adduser       at Request.emit (node:events:508:28)
14 verbose adduser       at Request.<anonymous> (/Users/freaky/Documents/projects/cds/node_modules/npm/node_modules/request/request.js:1044:10)
14 verbose adduser       at Request.emit (node:events:508:28)
14 verbose adduser       at IncomingMessage.<anonymous> (/Users/freaky/Documents/projects/cds/node_modules/npm/node_modules/request/request.js:965:12)
14 verbose adduser       at IncomingMessage.emit (node:events:520:35)
14 verbose adduser       at endReadableNT (node:internal/streams/readable:1701:12) {
14 verbose adduser     statusCode: 401,
14 verbose adduser     code: 'E401'
14 verbose adduser   },
14 verbose adduser   {
14 verbose adduser     ok: false,
14 verbose adduser     error: 'failed to authenticate: Could not authenticate hana.eats.planes: bad webauthn otp'
14 verbose adduser   },
14 verbose adduser   '{"ok":false,"error":"failed to authenticate: Could not authenticate hana.eats.planes: bad webauthn otp"}'
14 verbose adduser ]
15 warn adduser Incorrect username or password
15 warn adduser You can reset your account by visiting:
15 warn adduser
15 warn adduser     https://npmjs.org/forgot
16 verbose stack Error: failed to authenticate: Could not authenticate hana.eats.planes: bad webauthn otp : -/user/org.couchdb.user:hana.eats.planes
16 verbose stack     at makeError (/Users/freaky/Documents/projects/cds/node_modules/npm/node_modules/npm-registry-client/lib/request.js:302:12)
16 verbose stack     at CachingRegistryClient.<anonymous> (/Users/freaky/Documents/projects/cds/node_modules/npm/node_modules/npm-registry-client/lib/request.js:290:14)
16 verbose stack     at Request._callback (/Users/freaky/Documents/projects/cds/node_modules/npm/node_modules/npm-registry-client/lib/request.js:210:14)
16 verbose stack     at self.callback (/Users/freaky/Documents/projects/cds/node_modules/npm/node_modules/request/request.js:187:22)
16 verbose stack     at Request.emit (node:events:508:28)
16 verbose stack     at Request.<anonymous> (/Users/freaky/Documents/projects/cds/node_modules/npm/node_modules/request/request.js:1044:10)
16 verbose stack     at Request.emit (node:events:508:28)
16 verbose stack     at IncomingMessage.<anonymous> (/Users/freaky/Documents/projects/cds/node_modules/npm/node_modules/request/request.js:965:12)
16 verbose stack     at IncomingMessage.emit (node:events:520:35)
16 verbose stack     at endReadableNT (node:internal/streams/readable:1701:12)
17 verbose statusCode 401
18 verbose cwd /Users/freaky/Documents/projects/cds
19 error Darwin 24.1.0
20 error argv "/Users/freaky/.nvm/versions/node/v24.13.0/bin/node" "/Users/freaky/Documents/projects/cds/node_modules/.bin/npm" "login"
21 error node v24.13.0
22 error npm  v2.15.12
23 error code E401
24 error failed to authenticate: Could not authenticate hana.eats.planes: bad webauthn otp : -/user/org.couchdb.user:hana.eats.planes
25 error If you need help, you may report this error at:
25 error     <https://github.com/npm/npm/issues>
26 verbose exit [ 1, true ]
